19-Jul-17, 16:32:49, 4, 0, :File not found.
19-Jul-17, 16:32:49, 4, 0, :File not found.
28-Nov-17, 05:53:31, 4, 0, :File not found.
28-Nov-17, 05:53:31, 4, 0, :File not found.
28-Nov-17, 06:15:29, 4, 0, D:\SOFTWARE PERPUSTAKAAN\LAP8.rpt:This field name is not known.
28-Nov-17, 06:16:06, 4, 0, D:\SOFTWARE PERPUSTAKAAN\LAP8.rpt:This field name is not known.
28-Nov-17, 06:17:08, 4, 0, D:\SOFTWARE PERPUSTAKAAN\LAP8.rpt:This field name is not known.
28-Nov-17, 16:02:52, 4, 0, D:\SOFTWARE PERPUSTAKAAN\LAP6.rpt:The remaining text does not appear to be part of the formula.
11-Dec-17, 02:44:24, 4, 0, D:\SOFTWARE PERPUSTAKAAN\LAP5.rpt:Invalid report version.
11-Dec-17, 02:44:24, 4, 0, D:\SOFTWARE PERPUSTAKAAN\LAP5.rpt:Invalid report version.
11-Dec-17, 04:15:06, 4, 0, :File not found.
11-Dec-17, 04:15:06, 4, 0, :File not found.
11-Dec-17, 04:15:57, 4, 0, :File not found.
11-Dec-17, 04:15:57, 4, 0, :File not found.
11-Dec-17, 04:30:57, 4, 0, D:\SOFTWARE PERPUSTAKAAN\Report1.rpt:Invalid report version.
11-Dec-17, 04:30:57, 4, 0, D:\SOFTWARE PERPUSTAKAAN\Report1.rpt:Invalid report version.
11-Dec-17, 04:31:36, 4, 0, D:\SOFTWARE PERPUSTAKAAN\LAP5.rpt:Invalid report version.
11-Dec-17, 04:31:36, 4, 0, D:\SOFTWARE PERPUSTAKAAN\LAP5.rpt:Invalid report version.
22-Jan-18, 11:33:13, 4, 0, D:\SOFTWARE PERPUSTAKAAN\LAP5.rpt:Invalid report version.
22-Jan-18, 11:33:13, 4, 0, D:\SOFTWARE PERPUSTAKAAN\LAP5.rpt:Invalid report version.
28-Feb-18, 5:27:33 PM, 4, 0, D:\SOFTWARE PERPUSTAKAAN\LAP5.rpt:Invalid report version.
28-Feb-18, 5:27:33 PM, 4, 0, D:\SOFTWARE PERPUSTAKAAN\LAP5.rpt:Invalid report version.
28-Feb-18, 5:29:09 PM, 4, 0, D:\SOFTWARE PERPUSTAKAAN\LAP5.rpt:Invalid report version.
28-Feb-18, 5:29:09 PM, 4, 0, D:\SOFTWARE PERPUSTAKAAN\LAP5.rpt:Invalid report version.
05/26/18, 02:23:46, 4, 0, D:\SOFTWARE PERPUSTAKAAN\LAP6.rpt:The remaining text does not appear to be part of the formula.
05/26/18, 02:25:10, 4, 0, D:\SOFTWARE PERPUSTAKAAN\LAP6.rpt:The remaining text does not appear to be part of the formula.
05/26/18, 02:25:55, 4, 0, D:\SOFTWARE PERPUSTAKAAN\LAP6.rpt:The remaining text does not appear to be part of the formula.
06/03/18, 23:46:40, 4, 0, D:\SOFTWARE PERPUSTAKAAN\LAP6.rpt:The remaining text does not appear to be part of the formula.
19-Jun-18, 10:46:26 PM, 4, 0, D:\SOFTWARE PERPUSTAKAAN\LAP6.rpt:The remaining text does not appear to be part of the formula.
08/30/18, 14:51:21, 4, 0, G:\HERMAYADI SOFT FILE\SOFTWARE PERPUSTAKAAN\lap2.rpt:File not found
29/12/2018, 9:52:57, 4, 0, E:\PROYEK\PROGRAM\SOFTWARE PERPUSTAKAAN\lap2.rpt:File not found
29/12/2018, 12:49:02, 4, 0, D:\SOFTWARE PERPUSTAKAAN\LAP4.rpt:File not found
29/12/2018, 12:49:16, 4, 0, D:\SOFTWARE PERPUSTAKAAN\LAP4.rpt:File not found
29/12/2018, 14:05:40, 4, 0, D:\SOFTWARE PERPUSTAKAAN\lap2.rpt:File not found
29/12/2018, 14:42:11, 4, 0, D:\SOFTWARE PERPUSTAKAAN\lap2.rpt:File not found
29/12/2018, 15:00:35, 4, 0, D:\SOFTWARE PERPUSTAKAAN\lap2.rpt:File not found
29/12/2018, 15:00:56, 4, 0, D:\SOFTWARE PERPUSTAKAAN\lap2.rpt:File not found
29/12/2018, 15:01:05, 4, 0, D:\SOFTWARE PERPUSTAKAAN\lap2.rpt:Cannot open database.
29/12/2018, 15:01:05, 4, 0, D:\SOFTWARE PERPUSTAKAAN\lap2.rpt:File not found
29/12/2018, 15:53:56, 4, 0, D:\SOFTWARE PERPUSTAKAAN\LAP5.rpt:File not found
29/12/2018, 16:05:29, 4, 0, D:\SOFTWARE PERPUSTAKAAN\LAP4.rpt:File not found
29/12/2018, 16:05:52, 4, 0, D:\SOFTWARE PERPUSTAKAAN\LAP3.rpt:File not found
29/12/2018, 16:08:19, 4, 0, D:\SOFTWARE PERPUSTAKAAN\LAP5.rpt:File not found
29/12/2018, 16:08:24, 4, 0, D:\SOFTWARE PERPUSTAKAAN\LAP5.rpt:File not found
29/12/2018, 16:09:11, 4, 0, D:\SOFTWARE PERPUSTAKAAN\LAP5.rpt:File not found
29/12/2018, 22:27:44, 4, 0, D:\SOFTWARE PERPUSTAKAAN\LAP6.rpt:The remaining text does not appear to be part of the formula.
10/06/2019, 21:07:57, 4, 0, D:\SOFTWARE PERPUSTAKAAN\LAP6.rpt:File not found
28/08/2019, 21:38:02, 4, 0, D:\SOFTWARE PERPUSTAKAAN\LAP2.rpt:This field name is not known.
28/08/2019, 21:39:30, 4, 0, D:\SOFTWARE PERPUSTAKAAN\LAP2.rpt:This field name is not known.
28/08/2019, 21:40:51, 4, 0, D:\SOFTWARE PERPUSTAKAAN\LAP2.rpt:This field name is not known.
28/08/2019, 21:41:09, 4, 0, D:\SOFTWARE PERPUSTAKAAN\LAP2.rpt:This field name is not known.
28/08/2019, 21:41:14, 4, 0, D:\SOFTWARE PERPUSTAKAAN\LAP2.rpt:This field name is not known.
